<?xml version="1.0" encoding="UTF-8"?>
<!-- Generated by org.testng.reporters.JUnitReportReporter -->
<testsuite hostname="TechAviator-PC" name="Scenario_Component.Scenario_Login" tests="1" failures="0" timestamp="22 Apr 2017 13:44:05 GMT" time="13.822" errors="0">
  <testcase name="testInvalidlogin" time="13.822" classname="Scenario_Component.Scenario_Login"/>
</testsuite> <!-- Scenario_Component.Scenario_Login -->
